2017-08-21 01:26 +08:00: [WARN] Redis server does not require a password, but a password was supplied.
2017-08-21 01:26 +08:00: [WARN] Redis server does not require a password, but a password was supplied.
2017-08-21 01:26 +08:00: [WARN] Redis server does not require a password, but a password was supplied.
2017-08-21 01:26 +08:00: [WARN] Redis server does not require a password, but a password was supplied.
2017-08-21 01:26 +08:00: [WARN] Redis server does not require a password, but a password was supplied.
2017-08-21 01:26 +08:00: [WARN] Redis server does not require a password, but a password was supplied.
2017-08-21 01:26 +08:00: [WARN] Redis server does not require a password, but a password was supplied.
2017-08-21 01:26 +08:00: [WARN] Redis server does not require a password, but a password was supplied.
2017-08-21 01:28 +08:00: [Mon Aug 21 2017 01:28:03 GMT+0800 (CST)] [cfork:master:18262] worker:18282 disconnect (exitedAfterDisconnect: false, state: disconnected, isDead: false)
2017-08-21 01:28 +08:00: [Mon Aug 21 2017 01:28:03 GMT+0800 (CST)] [cfork:master:18262] new worker:18389 fork (state: none)
2017-08-21 01:28 +08:00: [Mon Aug 21 2017 01:28:03 GMT+0800 (CST)] [cfork:master:18262] worker:18283 disconnect (exitedAfterDisconnect: false, state: disconnected, isDead: false)
2017-08-21 01:28 +08:00: [Mon Aug 21 2017 01:28:03 GMT+0800 (CST)] [cfork:master:18262] new worker:18390 fork (state: none)
2017-08-21 01:28 +08:00: [Mon Aug 21 2017 01:28:03 GMT+0800 (CST)] [cfork:master:18262] worker:18284 disconnect (exitedAfterDisconnect: false, state: disconnected, isDead: false)
2017-08-21 01:28 +08:00: [Mon Aug 21 2017 01:28:03 GMT+0800 (CST)] [cfork:master:18262] new worker:18391 fork (state: none)
2017-08-21 01:28 +08:00: [Mon Aug 21 2017 01:28:03 GMT+0800 (CST)] [cfork:master:18262] worker:18285 disconnect (exitedAfterDisconnect: false, state: disconnected, isDead: false)
2017-08-21 01:28 +08:00: [Mon Aug 21 2017 01:28:03 GMT+0800 (CST)] [cfork:master:18262] new worker:18392 fork (state: none)
2017-08-21 01:28 +08:00: [Mon Aug 21 2017 01:28:03 GMT+0800 (CST)] [cfork:master:18262] worker:18288 disconnect (exitedAfterDisconnect: false, state: disconnected, isDead: false)
2017-08-21 01:28 +08:00: [Mon Aug 21 2017 01:28:03 GMT+0800 (CST)] [cfork:master:18262] new worker:18393 fork (state: none)
2017-08-21 01:28 +08:00: [Mon Aug 21 2017 01:28:03 GMT+0800 (CST)] [cfork:master:18262] worker:18289 disconnect (exitedAfterDisconnect: false, state: disconnected, isDead: false)
[Mon Aug 21 2017 01:28:03 GMT+0800 (CST)] [cfork:master:18262] new worker:18394 fork (state: none)
[Mon Aug 21 2017 01:28:03 GMT+0800 (CST)] [cfork:master:18262] worker:18287 disconnect (exitedAfterDisconnect: false, state: disconnected, isDead: false)
2017-08-21 01:28 +08:00: [Mon Aug 21 2017 01:28:03 GMT+0800 (CST)] [cfork:master:18262] new worker:18395 fork (state: none)
[Mon Aug 21 2017 01:28:03 GMT+0800 (CST)] [cfork:master:18262] worker:18286 disconnect (exitedAfterDisconnect: false, state: disconnected, isDead: false)
[Mon Aug 21 2017 01:28:03 GMT+0800 (CST)] [cfork:master:18262] new worker:18396 fork (state: none)
2017-08-21 01:28:03,577 ERROR 18262 nodejs.AgentWorkerDiedError: [master] agent_worker#1:18281 died (code: null, signal: SIGINT)
    at Master.onAgentExit (/Users/hexiao/github/class/server/node_modules/egg-cluster/lib/master.js:281:17)
    at emitOne (events.js:96:13)
    at Master.emit (events.js:188:7)
    at Messenger.sendToMaster (/Users/hexiao/github/class/server/node_modules/egg-cluster/lib/utils/messenger.js:122:17)
    at Messenger.send (/Users/hexiao/github/class/server/node_modules/egg-cluster/lib/utils/messenger.js:87:12)
    at ChildProcess.agentWorker.once (/Users/hexiao/github/class/server/node_modules/egg-cluster/lib/master.js:188:22)
    at ChildProcess.g (events.js:292:16)
    at emitTwo (events.js:106:13)
    at ChildProcess.emit (events.js:191:7)
    at Process.ChildProcess._handle.onexit (internal/child_process.js:215:12)
name: 'AgentWorkerDiedError'
pid: 18262
hostname: hexiaodeMacBook-Pro.local

[Mon Aug 21 2017 01:28:03 GMT+0800 (CST)] [cfork:master:18262] worker:18282 exit (code: null, exitedAfterDisconnect: false, state: dead, isDead: true, isExpected: true)
2017-08-21 01:28:03,579 ERROR 18262 nodejs.AppWorkerDiedError: [master] app_worker#1:18282 died (code: null, signal: null, suicide: false, state: dead), current workers: ["2","3","4","5","6","7","8","9","10","11","12","13","14","15","16"]
    at Master.onAppExit (/Users/hexiao/github/class/server/node_modules/egg-cluster/lib/master.js:333:19)
    at emitOne (events.js:96:13)
    at Master.emit (events.js:188:7)
    at Messenger.sendToMaster (/Users/hexiao/github/class/server/node_modules/egg-cluster/lib/utils/messenger.js:122:17)
    at Messenger.send (/Users/hexiao/github/class/server/node_modules/egg-cluster/lib/utils/messenger.js:87:12)
    at EventEmitter.cluster.on (/Users/hexiao/github/class/server/node_modules/egg-cluster/lib/master.js:230:22)
    at emitThree (events.js:121:20)
    at EventEmitter.emit (events.js:194:7)
    at ChildProcess.<anonymous> (cluster.js:379:15)
    at ChildProcess.g (events.js:292:16)
name: 'AppWorkerDiedError'
pid: 18262
hostname: hexiaodeMacBook-Pro.local

[Mon Aug 21 2017 01:28:03 GMT+0800 (CST)] [cfork:master:18262] worker:18283 exit (code: null, exitedAfterDisconnect: false, state: dead, isDead: true, isExpected: true)
2017-08-21 01:28:03,580 ERROR 18262 nodejs.AppWorkerDiedError: [master] app_worker#2:18283 died (code: null, signal: null, suicide: false, state: dead), current workers: ["3","4","5","6","7","8","9","10","11","12","13","14","15","16"]
    at Master.onAppExit (/Users/hexiao/github/class/server/node_modules/egg-cluster/lib/master.js:333:19)
    at emitOne (events.js:96:13)
    at Master.emit (events.js:188:7)
    at Messenger.sendToMaster (/Users/hexiao/github/class/server/node_modules/egg-cluster/lib/utils/messenger.js:122:17)
    at Messenger.send (/Users/hexiao/github/class/server/node_modules/egg-cluster/lib/utils/messenger.js:87:12)
    at EventEmitter.cluster.on (/Users/hexiao/github/class/server/node_modules/egg-cluster/lib/master.js:230:22)
    at emitThree (events.js:121:20)
    at EventEmitter.emit (events.js:194:7)
    at ChildProcess.<anonymous> (cluster.js:379:15)
    at ChildProcess.g (events.js:292:16)
name: 'AppWorkerDiedError'
pid: 18262
hostname: hexiaodeMacBook-Pro.local

[Mon Aug 21 2017 01:28:03 GMT+0800 (CST)] [cfork:master:18262] worker:18284 exit (code: null, exitedAfterDisconnect: false, state: dead, isDead: true, isExpected: true)
2017-08-21 01:28:03,581 ERROR 18262 nodejs.AppWorkerDiedError: [master] app_worker#3:18284 died (code: null, signal: null, suicide: false, state: dead), current workers: ["4","5","6","7","8","9","10","11","12","13","14","15","16"]
    at Master.onAppExit (/Users/hexiao/github/class/server/node_modules/egg-cluster/lib/master.js:333:19)
    at emitOne (events.js:96:13)
    at Master.emit (events.js:188:7)
    at Messenger.sendToMaster (/Users/hexiao/github/class/server/node_modules/egg-cluster/lib/utils/messenger.js:122:17)
    at Messenger.send (/Users/hexiao/github/class/server/node_modules/egg-cluster/lib/utils/messenger.js:87:12)
    at EventEmitter.cluster.on (/Users/hexiao/github/class/server/node_modules/egg-cluster/lib/master.js:230:22)
    at emitThree (events.js:121:20)
    at EventEmitter.emit (events.js:194:7)
    at ChildProcess.<anonymous> (cluster.js:379:15)
    at ChildProcess.g (events.js:292:16)
name: 'AppWorkerDiedError'
pid: 18262
hostname: hexiaodeMacBook-Pro.local

[Mon Aug 21 2017 01:28:03 GMT+0800 (CST)] [cfork:master:18262] worker:18285 exit (code: null, exitedAfterDisconnect: false, state: dead, isDead: true, isExpected: true)
2017-08-21 01:28:03,581 ERROR 18262 nodejs.AppWorkerDiedError: [master] app_worker#4:18285 died (code: null, signal: null, suicide: false, state: dead), current workers: ["5","6","7","8","9","10","11","12","13","14","15","16"]
    at Master.onAppExit (/Users/hexiao/github/class/server/node_modules/egg-cluster/lib/master.js:333:19)
    at emitOne (events.js:96:13)
    at Master.emit (events.js:188:7)
    at Messenger.sendToMaster (/Users/hexiao/github/class/server/node_modules/egg-cluster/lib/utils/messenger.js:122:17)
    at Messenger.send (/Users/hexiao/github/class/server/node_modules/egg-cluster/lib/utils/messenger.js:87:12)
    at EventEmitter.cluster.on (/Users/hexiao/github/class/server/node_modules/egg-cluster/lib/master.js:230:22)
    at emitThree (events.js:121:20)
    at EventEmitter.emit (events.js:194:7)
    at ChildProcess.<anonymous> (cluster.js:379:15)
    at ChildProcess.g (events.js:292:16)
name: 'AppWorkerDiedError'
pid: 18262
hostname: hexiaodeMacBook-Pro.local

[Mon Aug 21 2017 01:28:03 GMT+0800 (CST)] [cfork:master:18262] worker:18286 exit (code: null, exitedAfterDisconnect: false, state: dead, isDead: true, isExpected: true)
2017-08-21 01:28:03,581 ERROR 18262 nodejs.AppWorkerDiedError: [master] app_worker#5:18286 died (code: null, signal: null, suicide: false, state: dead), current workers: ["6","7","8","9","10","11","12","13","14","15","16"]
    at Master.onAppExit (/Users/hexiao/github/class/server/node_modules/egg-cluster/lib/master.js:333:19)
    at emitOne (events.js:96:13)
    at Master.emit (events.js:188:7)
    at Messenger.sendToMaster (/Users/hexiao/github/class/server/node_modules/egg-cluster/lib/utils/messenger.js:122:17)
    at Messenger.send (/Users/hexiao/github/class/server/node_modules/egg-cluster/lib/utils/messenger.js:87:12)
    at EventEmitter.cluster.on (/Users/hexiao/github/class/server/node_modules/egg-cluster/lib/master.js:230:22)
    at emitThree (events.js:121:20)
    at EventEmitter.emit (events.js:194:7)
    at ChildProcess.<anonymous> (cluster.js:379:15)
    at ChildProcess.g (events.js:292:16)
name: 'AppWorkerDiedError'
pid: 18262
hostname: hexiaodeMacBook-Pro.local

2017-08-21 01:28 +08:00: [Mon Aug 21 2017 01:28:03 GMT+0800 (CST)] [cfork:master:18262] worker:18287 exit (code: null, exitedAfterDisconnect: false, state: dead, isDead: true, isExpected: true)
2017-08-21 01:28:03,590 ERROR 18262 nodejs.AppWorkerDiedError: [master] app_worker#6:18287 died (code: null, signal: null, suicide: false, state: dead), current workers: ["7","8","9","10","11","12","13","14","15","16"]
    at Master.onAppExit (/Users/hexiao/github/class/server/node_modules/egg-cluster/lib/master.js:333:19)
    at emitOne (events.js:96:13)
    at Master.emit (events.js:188:7)
    at Messenger.sendToMaster (/Users/hexiao/github/class/server/node_modules/egg-cluster/lib/utils/messenger.js:122:17)
    at Messenger.send (/Users/hexiao/github/class/server/node_modules/egg-cluster/lib/utils/messenger.js:87:12)
    at EventEmitter.cluster.on (/Users/hexiao/github/class/server/node_modules/egg-cluster/lib/master.js:230:22)
    at emitThree (events.js:121:20)
    at EventEmitter.emit (events.js:194:7)
    at ChildProcess.<anonymous> (cluster.js:379:15)
    at ChildProcess.g (events.js:292:16)
name: 'AppWorkerDiedError'
pid: 18262
hostname: hexiaodeMacBook-Pro.local

[Mon Aug 21 2017 01:28:03 GMT+0800 (CST)] [cfork:master:18262] worker:18288 exit (code: null, exitedAfterDisconnect: false, state: dead, isDead: true, isExpected: true)
2017-08-21 01:28:03,590 ERROR 18262 nodejs.AppWorkerDiedError: [master] app_worker#7:18288 died (code: null, signal: null, suicide: false, state: dead), current workers: ["8","9","10","11","12","13","14","15","16"]
    at Master.onAppExit (/Users/hexiao/github/class/server/node_modules/egg-cluster/lib/master.js:333:19)
    at emitOne (events.js:96:13)
    at Master.emit (events.js:188:7)
    at Messenger.sendToMaster (/Users/hexiao/github/class/server/node_modules/egg-cluster/lib/utils/messenger.js:122:17)
    at Messenger.send (/Users/hexiao/github/class/server/node_modules/egg-cluster/lib/utils/messenger.js:87:12)
    at EventEmitter.cluster.on (/Users/hexiao/github/class/server/node_modules/egg-cluster/lib/master.js:230:22)
    at emitThree (events.js:121:20)
    at EventEmitter.emit (events.js:194:7)
    at ChildProcess.<anonymous> (cluster.js:379:15)
    at ChildProcess.g (events.js:292:16)
name: 'AppWorkerDiedError'
pid: 18262
hostname: hexiaodeMacBook-Pro.local

[Mon Aug 21 2017 01:28:03 GMT+0800 (CST)] [cfork:master:18262] worker:18289 exit (code: null, exitedAfterDisconnect: false, state: dead, isDead: true, isExpected: true)
2017-08-21 01:28:03,591 ERROR 18262 nodejs.AppWorkerDiedError: [master] app_worker#8:18289 died (code: null, signal: null, suicide: false, state: dead), current workers: ["9","10","11","12","13","14","15","16"]
    at Master.onAppExit (/Users/hexiao/github/class/server/node_modules/egg-cluster/lib/master.js:333:19)
    at emitOne (events.js:96:13)
    at Master.emit (events.js:188:7)
    at Messenger.sendToMaster (/Users/hexiao/github/class/server/node_modules/egg-cluster/lib/utils/messenger.js:122:17)
    at Messenger.send (/Users/hexiao/github/class/server/node_modules/egg-cluster/lib/utils/messenger.js:87:12)
    at EventEmitter.cluster.on (/Users/hexiao/github/class/server/node_modules/egg-cluster/lib/master.js:230:22)
    at emitThree (events.js:121:20)
    at EventEmitter.emit (events.js:194:7)
    at ChildProcess.<anonymous> (cluster.js:379:15)
    at ChildProcess.g (events.js:292:16)
name: 'AppWorkerDiedError'
pid: 18262
hostname: hexiaodeMacBook-Pro.local

2017-08-21 01:29 +08:00: [Mon Aug 21 2017 01:29:08 GMT+0800 (CST)] [cfork:master:18451] worker:18473 disconnect (exitedAfterDisconnect: false, state: disconnected, isDead: false)
[Mon Aug 21 2017 01:29:08 GMT+0800 (CST)] [cfork:master:18451] new worker:18555 fork (state: none)
[Mon Aug 21 2017 01:29:08 GMT+0800 (CST)] [cfork:master:18451] worker:18474 disconnect (exitedAfterDisconnect: false, state: disconnected, isDead: false)
2017-08-21 01:29 +08:00: [Mon Aug 21 2017 01:29:08 GMT+0800 (CST)] [cfork:master:18451] new worker:18556 fork (state: none)
[Mon Aug 21 2017 01:29:08 GMT+0800 (CST)] [cfork:master:18451] worker:18475 disconnect (exitedAfterDisconnect: false, state: disconnected, isDead: false)
[Mon Aug 21 2017 01:29:08 GMT+0800 (CST)] [cfork:master:18451] new worker:18557 fork (state: none)
[Mon Aug 21 2017 01:29:08 GMT+0800 (CST)] [cfork:master:18451] worker:18472 disconnect (exitedAfterDisconnect: false, state: disconnected, isDead: false)
[Mon Aug 21 2017 01:29:08 GMT+0800 (CST)] [cfork:master:18451] new worker:18558 fork (state: none)
[Mon Aug 21 2017 01:29:08 GMT+0800 (CST)] [cfork:master:18451] worker:18471 disconnect (exitedAfterDisconnect: false, state: disconnected, isDead: false)
2017-08-21 01:29 +08:00: [Mon Aug 21 2017 01:29:08 GMT+0800 (CST)] [cfork:master:18451] new worker:18559 fork (state: none)
2017-08-21 01:29 +08:00: [Mon Aug 21 2017 01:29:08 GMT+0800 (CST)] [cfork:master:18451] worker:18476 disconnect (exitedAfterDisconnect: false, state: disconnected, isDead: false)
2017-08-21 01:29 +08:00: [Mon Aug 21 2017 01:29:08 GMT+0800 (CST)] [cfork:master:18451] new worker:18560 fork (state: none)
2017-08-21 01:29 +08:00: [Mon Aug 21 2017 01:29:08 GMT+0800 (CST)] [cfork:master:18451] worker:18477 disconnect (exitedAfterDisconnect: false, state: disconnected, isDead: false)
2017-08-21 01:29 +08:00: [Mon Aug 21 2017 01:29:08 GMT+0800 (CST)] [cfork:master:18451] new worker:18561 fork (state: none)
[Mon Aug 21 2017 01:29:08 GMT+0800 (CST)] [cfork:master:18451] worker:18478 disconnect (exitedAfterDisconnect: false, state: disconnected, isDead: false)
2017-08-21 01:29 +08:00: [Mon Aug 21 2017 01:29:08 GMT+0800 (CST)] [cfork:master:18451] new worker:18562 fork (state: none)
2017-08-21 01:29:08,863 ERROR 18451 nodejs.AgentWorkerDiedError: [master] agent_worker#1:18470 died (code: null, signal: SIGINT)
    at Master.onAgentExit (/Users/hexiao/github/class/server/node_modules/egg-cluster/lib/master.js:281:17)
    at emitOne (events.js:96:13)
    at Master.emit (events.js:188:7)
    at Messenger.sendToMaster (/Users/hexiao/github/class/server/node_modules/egg-cluster/lib/utils/messenger.js:122:17)
    at Messenger.send (/Users/hexiao/github/class/server/node_modules/egg-cluster/lib/utils/messenger.js:87:12)
    at ChildProcess.agentWorker.once (/Users/hexiao/github/class/server/node_modules/egg-cluster/lib/master.js:188:22)
    at ChildProcess.g (events.js:292:16)
    at emitTwo (events.js:106:13)
    at ChildProcess.emit (events.js:191:7)
    at Process.ChildProcess._handle.onexit (internal/child_process.js:215:12)
name: 'AgentWorkerDiedError'
pid: 18451
hostname: hexiaodeMacBook-Pro.local

[Mon Aug 21 2017 01:29:08 GMT+0800 (CST)] [cfork:master:18451] worker:18471 exit (code: null, exitedAfterDisconnect: false, state: dead, isDead: true, isExpected: true)
2017-08-21 01:29:08,867 ERROR 18451 nodejs.AppWorkerDiedError: [master] app_worker#1:18471 died (code: null, signal: null, suicide: false, state: dead), current workers: ["2","3","4","5","6","7","8","9","10","11","12","13","14","15","16"]
    at Master.onAppExit (/Users/hexiao/github/class/server/node_modules/egg-cluster/lib/master.js:333:19)
    at emitOne (events.js:96:13)
    at Master.emit (events.js:188:7)
    at Messenger.sendToMaster (/Users/hexiao/github/class/server/node_modules/egg-cluster/lib/utils/messenger.js:122:17)
    at Messenger.send (/Users/hexiao/github/class/server/node_modules/egg-cluster/lib/utils/messenger.js:87:12)
    at EventEmitter.cluster.on (/Users/hexiao/github/class/server/node_modules/egg-cluster/lib/master.js:230:22)
    at emitThree (events.js:121:20)
    at EventEmitter.emit (events.js:194:7)
    at ChildProcess.<anonymous> (cluster.js:379:15)
    at ChildProcess.g (events.js:292:16)
name: 'AppWorkerDiedError'
pid: 18451
hostname: hexiaodeMacBook-Pro.local

[Mon Aug 21 2017 01:29:08 GMT+0800 (CST)] [cfork:master:18451] worker:18472 exit (code: null, exitedAfterDisconnect: false, state: dead, isDead: true, isExpected: true)
2017-08-21 01:29:08,874 ERROR 18451 nodejs.AppWorkerDiedError: [master] app_worker#2:18472 died (code: null, signal: null, suicide: false, state: dead), current workers: ["3","4","5","6","7","8","9","10","11","12","13","14","15","16"]
    at Master.onAppExit (/Users/hexiao/github/class/server/node_modules/egg-cluster/lib/master.js:333:19)
    at emitOne (events.js:96:13)
    at Master.emit (events.js:188:7)
    at Messenger.sendToMaster (/Users/hexiao/github/class/server/node_modules/egg-cluster/lib/utils/messenger.js:122:17)
    at Messenger.send (/Users/hexiao/github/class/server/node_modules/egg-cluster/lib/utils/messenger.js:87:12)
    at EventEmitter.cluster.on (/Users/hexiao/github/class/server/node_modules/egg-cluster/lib/master.js:230:22)
    at emitThree (events.js:121:20)
    at EventEmitter.emit (events.js:194:7)
    at ChildProcess.<anonymous> (cluster.js:379:15)
    at ChildProcess.g (events.js:292:16)
name: 'AppWorkerDiedError'
pid: 18451
hostname: hexiaodeMacBook-Pro.local

[Mon Aug 21 2017 01:29:08 GMT+0800 (CST)] [cfork:master:18451] worker:18473 exit (code: null, exitedAfterDisconnect: false, state: dead, isDead: true, isExpected: true)
2017-08-21 01:29:08,874 ERROR 18451 nodejs.AppWorkerDiedError: [master] app_worker#3:18473 died (code: null, signal: null, suicide: false, state: dead), current workers: ["4","5","6","7","8","9","10","11","12","13","14","15","16"]
    at Master.onAppExit (/Users/hexiao/github/class/server/node_modules/egg-cluster/lib/master.js:333:19)
    at emitOne (events.js:96:13)
    at Master.emit (events.js:188:7)
    at Messenger.sendToMaster (/Users/hexiao/github/class/server/node_modules/egg-cluster/lib/utils/messenger.js:122:17)
    at Messenger.send (/Users/hexiao/github/class/server/node_modules/egg-cluster/lib/utils/messenger.js:87:12)
    at EventEmitter.cluster.on (/Users/hexiao/github/class/server/node_modules/egg-cluster/lib/master.js:230:22)
    at emitThree (events.js:121:20)
    at EventEmitter.emit (events.js:194:7)
    at ChildProcess.<anonymous> (cluster.js:379:15)
    at ChildProcess.g (events.js:292:16)
name: 'AppWorkerDiedError'
pid: 18451
hostname: hexiaodeMacBook-Pro.local

[Mon Aug 21 2017 01:29:08 GMT+0800 (CST)] [cfork:master:18451] worker:18474 exit (code: null, exitedAfterDisconnect: false, state: dead, isDead: true, isExpected: true)
2017-08-21 01:29:08,875 ERROR 18451 nodejs.AppWorkerDiedError: [master] app_worker#4:18474 died (code: null, signal: null, suicide: false, state: dead), current workers: ["5","6","7","8","9","10","11","12","13","14","15","16"]
    at Master.onAppExit (/Users/hexiao/github/class/server/node_modules/egg-cluster/lib/master.js:333:19)
    at emitOne (events.js:96:13)
    at Master.emit (events.js:188:7)
    at Messenger.sendToMaster (/Users/hexiao/github/class/server/node_modules/egg-cluster/lib/utils/messenger.js:122:17)
    at Messenger.send (/Users/hexiao/github/class/server/node_modules/egg-cluster/lib/utils/messenger.js:87:12)
    at EventEmitter.cluster.on (/Users/hexiao/github/class/server/node_modules/egg-cluster/lib/master.js:230:22)
    at emitThree (events.js:121:20)
    at EventEmitter.emit (events.js:194:7)
    at ChildProcess.<anonymous> (cluster.js:379:15)
    at ChildProcess.g (events.js:292:16)
name: 'AppWorkerDiedError'
pid: 18451
hostname: hexiaodeMacBook-Pro.local

[Mon Aug 21 2017 01:29:08 GMT+0800 (CST)] [cfork:master:18451] worker:18475 exit (code: null, exitedAfterDisconnect: false, state: dead, isDead: true, isExpected: true)
2017-08-21 01:29:08,875 ERROR 18451 nodejs.AppWorkerDiedError: [master] app_worker#5:18475 died (code: null, signal: null, suicide: false, state: dead), current workers: ["6","7","8","9","10","11","12","13","14","15","16"]
    at Master.onAppExit (/Users/hexiao/github/class/server/node_modules/egg-cluster/lib/master.js:333:19)
    at emitOne (events.js:96:13)
    at Master.emit (events.js:188:7)
    at Messenger.sendToMaster (/Users/hexiao/github/class/server/node_modules/egg-cluster/lib/utils/messenger.js:122:17)
    at Messenger.send (/Users/hexiao/github/class/server/node_modules/egg-cluster/lib/utils/messenger.js:87:12)
    at EventEmitter.cluster.on (/Users/hexiao/github/class/server/node_modules/egg-cluster/lib/master.js:230:22)
    at emitThree (events.js:121:20)
    at EventEmitter.emit (events.js:194:7)
    at ChildProcess.<anonymous> (cluster.js:379:15)
    at ChildProcess.g (events.js:292:16)
name: 'AppWorkerDiedError'
pid: 18451
hostname: hexiaodeMacBook-Pro.local

[Mon Aug 21 2017 01:29:08 GMT+0800 (CST)] [cfork:master:18451] worker:18476 exit (code: null, exitedAfterDisconnect: false, state: dead, isDead: true, isExpected: true)
2017-08-21 01:29:08,875 ERROR 18451 nodejs.AppWorkerDiedError: [master] app_worker#6:18476 died (code: null, signal: null, suicide: false, state: dead), current workers: ["7","8","9","10","11","12","13","14","15","16"]
    at Master.onAppExit (/Users/hexiao/github/class/server/node_modules/egg-cluster/lib/master.js:333:19)
    at emitOne (events.js:96:13)
    at Master.emit (events.js:188:7)
    at Messenger.sendToMaster (/Users/hexiao/github/class/server/node_modules/egg-cluster/lib/utils/messenger.js:122:17)
    at Messenger.send (/Users/hexiao/github/class/server/node_modules/egg-cluster/lib/utils/messenger.js:87:12)
    at EventEmitter.cluster.on (/Users/hexiao/github/class/server/node_modules/egg-cluster/lib/master.js:230:22)
    at emitThree (events.js:121:20)
    at EventEmitter.emit (events.js:194:7)
    at ChildProcess.<anonymous> (cluster.js:379:15)
    at ChildProcess.g (events.js:292:16)
name: 'AppWorkerDiedError'
pid: 18451
hostname: hexiaodeMacBook-Pro.local

2017-08-21 01:29 +08:00: [Mon Aug 21 2017 01:29:08 GMT+0800 (CST)] [cfork:master:18451] worker:18477 exit (code: null, exitedAfterDisconnect: false, state: dead, isDead: true, isExpected: true)
2017-08-21 01:29:08,879 ERROR 18451 nodejs.AppWorkerDiedError: [master] app_worker#7:18477 died (code: null, signal: null, suicide: false, state: dead), current workers: ["8","9","10","11","12","13","14","15","16"]
    at Master.onAppExit (/Users/hexiao/github/class/server/node_modules/egg-cluster/lib/master.js:333:19)
    at emitOne (events.js:96:13)
    at Master.emit (events.js:188:7)
    at Messenger.sendToMaster (/Users/hexiao/github/class/server/node_modules/egg-cluster/lib/utils/messenger.js:122:17)
    at Messenger.send (/Users/hexiao/github/class/server/node_modules/egg-cluster/lib/utils/messenger.js:87:12)
    at EventEmitter.cluster.on (/Users/hexiao/github/class/server/node_modules/egg-cluster/lib/master.js:230:22)
    at emitThree (events.js:121:20)
    at EventEmitter.emit (events.js:194:7)
    at ChildProcess.<anonymous> (cluster.js:379:15)
    at ChildProcess.g (events.js:292:16)
name: 'AppWorkerDiedError'
pid: 18451
hostname: hexiaodeMacBook-Pro.local

[Mon Aug 21 2017 01:29:08 GMT+0800 (CST)] [cfork:master:18451] worker:18478 exit (code: null, exitedAfterDisconnect: false, state: dead, isDead: true, isExpected: true)
2017-08-21 01:29:08,879 ERROR 18451 nodejs.AppWorkerDiedError: [master] app_worker#8:18478 died (code: null, signal: null, suicide: false, state: dead), current workers: ["9","10","11","12","13","14","15","16"]
    at Master.onAppExit (/Users/hexiao/github/class/server/node_modules/egg-cluster/lib/master.js:333:19)
    at emitOne (events.js:96:13)
    at Master.emit (events.js:188:7)
    at Messenger.sendToMaster (/Users/hexiao/github/class/server/node_modules/egg-cluster/lib/utils/messenger.js:122:17)
    at Messenger.send (/Users/hexiao/github/class/server/node_modules/egg-cluster/lib/utils/messenger.js:87:12)
    at EventEmitter.cluster.on (/Users/hexiao/github/class/server/node_modules/egg-cluster/lib/master.js:230:22)
    at emitThree (events.js:121:20)
    at EventEmitter.emit (events.js:194:7)
    at ChildProcess.<anonymous> (cluster.js:379:15)
    at ChildProcess.g (events.js:292:16)
name: 'AppWorkerDiedError'
pid: 18451
hostname: hexiaodeMacBook-Pro.local

